<?xml version="1.0" encoding="UTF-8"?>
<!-- Generated by org.testng.reporters.JUnitXMLReporter -->
<testsuite hostname="Rajesh-PC" name="Inetbanking" tests="4" failures="1" timestamp="25 Feb 2020 07:04:54 GMT" time="36.615" errors="0">
  <testcase name="f" time="2.494" classname="com.inNetbankingv1.test.Test_001"/>
  <testcase name="loginDDT" time="2.466" classname="com.inNetbankingv1.test.TestCase_002"/>
  <testcase name="loginDDT" time="2.692" classname="com.inNetbankingv1.test.TestCase_002"/>
  <testcase name="loginDDT" time="0.021" classname="com.inNetbankingv1.test.TestCase_002">
    <failure type="java.lang.IllegalArgumentException" message="Keys to send should be a not null CharSequence">
      <![CDATA[java.lang.IllegalArgumentException: Keys to send should be a not null CharSequence
	at org.openqa.selenium.remote.RemoteWebElement.sendKeys(RemoteWebElement.java:97)
	at org.openqa.selenium.support.pagefactory.internal.LocatingElementHandler.invoke(LocatingElementHandler.java:51)
	at com.sun.proxy.$Proxy9.sendKeys(Unknown Source)
	at com.iNetBankingv1.pageobjects.LoginPage.setUserName(LoginPage.java:34)
	at com.inNetbankingv1.test.TestCase_002.loginDDT(TestCase_002.java:17)
... Removed 32 stack frames]]>
    </failure>
  </testcase> <!-- loginDDT -->
</testsuite> <!-- Inetbanking -->
