<?xml version="1.0" encoding="UTF-8"?>
<testng-results skipped="0" failed="1" total="4" passed="3">
  <reporter-output>
  </reporter-output>
  <suite name="iNetbank" duration-ms="36615" started-at="2020-02-25T07:04:17Z" finished-at="2020-02-25T07:04:54Z">
    <groups>
    </groups>
    <test name="Inetbanking" duration-ms="36615" started-at="2020-02-25T07:04:17Z" finished-at="2020-02-25T07:04:54Z">
      <class name="com.inNetbankingv1.test.Test_001">
        <test-method status="PASS" signature="setUP(java.lang.String)[pri:0, instance:com.inNetbankingv1.test.Test_001@59e84876]" name="setUP" is-config="true" duration-ms="7628" started-at="2020-02-25T12:34:17Z" finished-at="2020-02-25T12:34:25Z">
          <params>
            <param index="0">
              <value>
                <![CDATA[Chrome]]>
              </value>
            </param>
          </params>
          <reporter-output>
          </reporter-output>
        </test-method> <!-- setUP -->
        <test-method status="PASS" signature="f()[pri:0, instance:com.inNetbankingv1.test.Test_001@59e84876]" name="f" duration-ms="2494" started-at="2020-02-25T12:34:25Z" finished-at="2020-02-25T12:34:28Z">
          <reporter-output>
          </reporter-output>
        </test-method> <!-- f -->
        <test-method status="PASS" signature="tearDown()[pri:0, instance:com.inNetbankingv1.test.Test_001@59e84876]" name="tearDown" is-config="true" duration-ms="76" started-at="2020-02-25T12:34:28Z" finished-at="2020-02-25T12:34:28Z">
          <reporter-output>
          </reporter-output>
        </test-method> <!-- tearDown -->
      </class> <!-- com.inNetbankingv1.test.Test_001 -->
      <class name="com.inNetbankingv1.test.TestCase_002">
        <test-method status="PASS" signature="setUP(java.lang.String)[pri:0, instance:com.inNetbankingv1.test.TestCase_002@61a485d2]" name="setUP" is-config="true" duration-ms="7851" started-at="2020-02-25T12:34:29Z" finished-at="2020-02-25T12:34:36Z">
          <params>
            <param index="0">
              <value>
                <![CDATA[Chrome]]>
              </value>
            </param>
          </params>
          <reporter-output>
          </reporter-output>
        </test-method> <!-- setUP -->
        <test-method status="PASS" signature="loginDDT(java.lang.String, java.lang.String)[pri:0, instance:com.inNetbankingv1.test.TestCase_002@61a485d2]" name="loginDDT" duration-ms="2466" started-at="2020-02-25T12:34:36Z" data-provider="LoginData" finished-at="2020-02-25T12:34:39Z">
          <params>
            <param index="0">
              <value>
                <![CDATA[mngr23962]]>
              </value>
            </param>
            <param index="1">
              <value>
                <![CDATA[junYnAq]]>
              </value>
            </param>
          </params>
          <reporter-output>
          </reporter-output>
        </test-method> <!-- loginDDT -->
        <test-method status="PASS" signature="tearDown()[pri:0, instance:com.inNetbankingv1.test.TestCase_002@61a485d2]" name="tearDown" is-config="true" duration-ms="86" started-at="2020-02-25T12:34:39Z" finished-at="2020-02-25T12:34:39Z">
          <reporter-output>
          </reporter-output>
        </test-method> <!-- tearDown -->
        <test-method status="PASS" signature="setUP(java.lang.String)[pri:0, instance:com.inNetbankingv1.test.TestCase_002@61a485d2]" name="setUP" is-config="true" duration-ms="6121" started-at="2020-02-25T12:34:39Z" finished-at="2020-02-25T12:34:45Z">
          <params>
            <param index="0">
              <value>
                <![CDATA[Chrome]]>
              </value>
            </param>
          </params>
          <reporter-output>
          </reporter-output>
        </test-method> <!-- setUP -->
        <test-method status="PASS" signature="loginDDT(java.lang.String, java.lang.String)[pri:0, instance:com.inNetbankingv1.test.TestCase_002@61a485d2]" name="loginDDT" duration-ms="2692" started-at="2020-02-25T12:34:45Z" data-provider="LoginData" finished-at="2020-02-25T12:34:48Z">
          <params>
            <param index="0">
              <value>
                <![CDATA[bnvhjvnh]]>
              </value>
            </param>
            <param index="1">
              <value>
                <![CDATA[ hjbmbn]]>
              </value>
            </param>
          </params>
          <reporter-output>
          </reporter-output>
        </test-method> <!-- loginDDT -->
        <test-method status="PASS" signature="tearDown()[pri:0, instance:com.inNetbankingv1.test.TestCase_002@61a485d2]" name="tearDown" is-config="true" duration-ms="64" started-at="2020-02-25T12:34:48Z" finished-at="2020-02-25T12:34:48Z">
          <reporter-output>
          </reporter-output>
        </test-method> <!-- tearDown -->
        <test-method status="PASS" signature="setUP(java.lang.String)[pri:0, instance:com.inNetbankingv1.test.TestCase_002@61a485d2]" name="setUP" is-config="true" duration-ms="5906" started-at="2020-02-25T12:34:48Z" finished-at="2020-02-25T12:34:54Z">
          <params>
            <param index="0">
              <value>
                <![CDATA[Chrome]]>
              </value>
            </param>
          </params>
          <reporter-output>
          </reporter-output>
        </test-method> <!-- setUP -->
        <test-method status="FAIL" signature="loginDDT(java.lang.String, java.lang.String)[pri:0, instance:com.inNetbankingv1.test.TestCase_002@61a485d2]" name="loginDDT" duration-ms="21" started-at="2020-02-25T12:34:54Z" data-provider="LoginData" finished-at="2020-02-25T12:34:54Z">
          <params>
            <param index="0">
              <value is-null="true"/>
            </param>
            <param index="1">
              <value is-null="true"/>
            </param>
          </params>
          <exception class="java.lang.IllegalArgumentException">
            <message>
              <![CDATA[Keys to send should be a not null CharSequence]]>
            </message>
            <full-stacktrace>
              <![CDATA[java.lang.IllegalArgumentException: Keys to send should be a not null CharSequence
	at org.openqa.selenium.remote.RemoteWebElement.sendKeys(RemoteWebElement.java:97)
	at sun.reflect.NativeMethodAccessorImpl.invoke0(Native Method)
	at sun.reflect.NativeMethodAccessorImpl.invoke(NativeMethodAccessorImpl.java:62)
	at sun.reflect.DelegatingMethodAccessorImpl.invoke(DelegatingMethodAccessorImpl.java:43)
	at java.lang.reflect.Method.invoke(Method.java:498)
	at org.openqa.selenium.support.pagefactory.internal.LocatingElementHandler.invoke(LocatingElementHandler.java:51)
	at com.sun.proxy.$Proxy9.sendKeys(Unknown Source)
	at com.iNetBankingv1.pageobjects.LoginPage.setUserName(LoginPage.java:34)
	at com.inNetbankingv1.test.TestCase_002.loginDDT(TestCase_002.java:17)
	at sun.reflect.NativeMethodAccessorImpl.invoke0(Native Method)
	at sun.reflect.NativeMethodAccessorImpl.invoke(NativeMethodAccessorImpl.java:62)
	at sun.reflect.DelegatingMethodAccessorImpl.invoke(DelegatingMethodAccessorImpl.java:43)
	at java.lang.reflect.Method.invoke(Method.java:498)
	at org.testng.internal.MethodInvocationHelper.invokeMethod(MethodInvocationHelper.java:86)
	at org.testng.internal.Invoker.invokeMethod(Invoker.java:643)
	at org.testng.internal.Invoker.invokeTestMethod(Invoker.java:820)
	at org.testng.internal.Invoker.invokeTestMethods(Invoker.java:1128)
	at org.testng.internal.TestMethodWorker.invokeTestMethods(TestMethodWorker.java:129)
	at org.testng.internal.TestMethodWorker.run(TestMethodWorker.java:112)
	at org.testng.TestRunner.privateRun(TestRunner.java:782)
	at org.testng.TestRunner.run(TestRunner.java:632)
	at org.testng.SuiteRunner.runTest(SuiteRunner.java:366)
	at org.testng.SuiteRunner.runSequentially(SuiteRunner.java:361)
	at org.testng.SuiteRunner.privateRun(SuiteRunner.java:319)
	at org.testng.SuiteRunner.run(SuiteRunner.java:268)
	at org.testng.SuiteRunnerWorker.runSuite(SuiteRunnerWorker.java:52)
	at org.testng.SuiteRunnerWorker.run(SuiteRunnerWorker.java:86)
	at org.testng.TestNG.runSuitesSequentially(TestNG.java:1244)
	at org.testng.TestNG.runSuitesLocally(TestNG.java:1169)
	at org.testng.TestNG.run(TestNG.java:1064)
	at org.apache.maven.surefire.testng.TestNGExecutor.run(TestNGExecutor.java:283)
	at org.apache.maven.surefire.testng.TestNGXmlTestSuite.execute(TestNGXmlTestSuite.java:75)
	at org.apache.maven.surefire.testng.TestNGProvider.invoke(TestNGProvider.java:120)
	at org.apache.maven.surefire.booter.ForkedBooter.runSuitesInProcess(ForkedBooter.java:377)
	at org.apache.maven.surefire.booter.ForkedBooter.execute(ForkedBooter.java:138)
	at org.apache.maven.surefire.booter.ForkedBooter.run(ForkedBooter.java:465)
	at org.apache.maven.surefire.booter.ForkedBooter.main(ForkedBooter.java:451)
]]>
            </full-stacktrace>
          </exception> <!-- java.lang.IllegalArgumentException -->
          <reporter-output>
          </reporter-output>
        </test-method> <!-- loginDDT -->
        <test-method status="PASS" signature="tearDown()[pri:0, instance:com.inNetbankingv1.test.TestCase_002@61a485d2]" name="tearDown" is-config="true" duration-ms="69" started-at="2020-02-25T12:34:54Z" finished-at="2020-02-25T12:34:54Z">
          <reporter-output>
          </reporter-output>
        </test-method> <!-- tearDown -->
      </class> <!-- com.inNetbankingv1.test.TestCase_002 -->
    </test> <!-- Inetbanking -->
  </suite> <!-- iNetbank -->
</testng-results>
