<?xml version="1.0" encoding="UTF-8"?>
<testsuite xmlns:xsi="http://www.w3.org/2001/XMLSchema-instance" xsi:noNamespaceSchemaLocation="https://maven.apache.org/surefire/maven-surefire-plugin/xsd/surefire-test-report-3.0.xsd" version="3.0" name="TestSuite" time="37.655" tests="4" errors="0" skipped="0" failures="1">
  <properties>
[...]
</properties>
  <testcase name="f" classname="com.inNetbankingv1.test.Test_001" time="2.497"/>
  <testcase name="loginDDT" classname="com.inNetbankingv1.test.TestCase_002" time="2.468"/>
  <testcase name="loginDDT" classname="com.inNetbankingv1.test.TestCase_002" time="2.693"/>
  <testcase name="loginDDT" classname="com.inNetbankingv1.test.TestCase_002" time="0.044">
    <failure message="Keys to send should be a not null CharSequence" type="java.lang.IllegalArgumentException"><![CDATA[java.lang.IllegalArgumentException: Keys to send should be a not null CharSequence
	at com.inNetbankingv1.test.TestCase_002.loginDDT(TestCase_002.java:17)
]]></failure>
    <system-err><![CDATA[Starting ChromeDriver 80.0.3987.16 (320f6526c1632ad4f205ebce69b99a062ed78647-refs/branch-heads/3987@{#185}) on port 15046
Only local connections are allowed.
Please protect ports used by ChromeDriver and related test frameworks to prevent access by malicious code.
Feb 25, 2020 12:34:51 PM org.openqa.selenium.remote.ProtocolHandshake createSession
INFO: Detected dialect: W3C
[1582614292.232][SEVERE]: Timed out receiving message from renderer: 0.100
[1582614292.334][SEVERE]: Timed out receiving message from renderer: 0.100
[1582614292.565][SEVERE]: Timed out receiving message from renderer: 0.100
[1582614292.668][SEVERE]: Timed out receiving message from renderer: 0.100
[1582614292.770][SEVERE]: Timed out receiving message from renderer: 0.100
[1582614292.872][SEVERE]: Timed out receiving message from renderer: 0.100
[1582614292.974][SEVERE]: Timed out receiving message from renderer: 0.100
[1582614293.104][SEVERE]: Timed out receiving message from renderer: 0.100
[1582614293.358][SEVERE]: Timed out receiving message from renderer: 0.100
[1582614293.483][SEVERE]: Timed out receiving message from renderer: 0.100
[1582614293.585][SEVERE]: Timed out receiving message from renderer: 0.100
[1582614293.687][SEVERE]: Timed out receiving message from renderer: 0.100
[1582614293.789][SEVERE]: Timed out receiving message from renderer: 0.100
[1582614294.074][SEVERE]: Timed out receiving message from renderer: 0.100
[1582614294.176][SEVERE]: Timed out receiving message from renderer: 0.100
]]></system-err>
  </testcase>
</testsuite>