<?xml version="1.0" encoding="UTF-8"?>
<testng-results skipped="0" failed="1" total="4" passed="3">
  <reporter-output>
  </reporter-output>
  <suite name="iNetbank" duration-ms="49903" started-at="2020-02-25T06:59:50Z" finished-at="2020-02-25T07:00:40Z">
    <groups>
    </groups>
    <test name="Inetbanking" duration-ms="49903" started-at="2020-02-25T06:59:50Z" finished-at="2020-02-25T07:00:40Z">
      <class name="com.inNetbankingv1.test.Test_001">
        <test-method status="PASS" signature="setUP(java.lang.String)[pri:0, instance:com.inNetbankingv1.test.Test_001@7a79be86]" name="setUP" is-config="true" duration-ms="7760" started-at="2020-02-25T12:29:50Z" finished-at="2020-02-25T12:29:58Z">
          <params>
            <param index="0">
              <value>
                <![CDATA[Chrome]]>
              </value>
            </param>
          </params>
          <reporter-output>
          </reporter-output>
        </test-method> <!-- setUP -->
        <test-method status="PASS" signature="f()[pri:0, instance:com.inNetbankingv1.test.Test_001@7a79be86]" name="f" duration-ms="2194" started-at="2020-02-25T12:29:58Z" finished-at="2020-02-25T12:30:00Z">
          <reporter-output>
          </reporter-output>
        </test-method> <!-- f -->
        <test-method status="PASS" signature="tearDown()[pri:0, instance:com.inNetbankingv1.test.Test_001@7a79be86]" name="tearDown" is-config="true" duration-ms="2160" started-at="2020-02-25T12:30:00Z" finished-at="2020-02-25T12:30:03Z">
          <reporter-output>
          </reporter-output>
        </test-method> <!-- tearDown -->
      </class> <!-- com.inNetbankingv1.test.Test_001 -->
      <class name="com.inNetbankingv1.test.TestCase_002">
        <test-method status="PASS" signature="setUP(java.lang.String)[pri:0, instance:com.inNetbankingv1.test.TestCase_002@34ce8af7]" name="setUP" is-config="true" duration-ms="6555" started-at="2020-02-25T12:30:04Z" finished-at="2020-02-25T12:30:11Z">
          <params>
            <param index="0">
              <value>
                <![CDATA[Chrome]]>
              </value>
            </param>
          </params>
          <reporter-output>
          </reporter-output>
        </test-method> <!-- setUP -->
        <test-method status="PASS" signature="loginDDT(java.lang.String, java.lang.String)[pri:0, instance:com.inNetbankingv1.test.TestCase_002@34ce8af7]" name="loginDDT" duration-ms="2544" started-at="2020-02-25T12:30:11Z" data-provider="LoginData" finished-at="2020-02-25T12:30:13Z">
          <params>
            <param index="0">
              <value>
                <![CDATA[mngr23962]]>
              </value>
            </param>
            <param index="1">
              <value>
                <![CDATA[junYnAq]]>
              </value>
            </param>
          </params>
          <reporter-output>
          </reporter-output>
        </test-method> <!-- loginDDT -->
        <test-method status="PASS" signature="tearDown()[pri:0, instance:com.inNetbankingv1.test.TestCase_002@34ce8af7]" name="tearDown" is-config="true" duration-ms="2050" started-at="2020-02-25T12:30:13Z" finished-at="2020-02-25T12:30:15Z">
          <reporter-output>
          </reporter-output>
        </test-method> <!-- tearDown -->
        <test-method status="PASS" signature="setUP(java.lang.String)[pri:0, instance:com.inNetbankingv1.test.TestCase_002@34ce8af7]" name="setUP" is-config="true" duration-ms="8817" started-at="2020-02-25T12:30:15Z" finished-at="2020-02-25T12:30:24Z">
          <params>
            <param index="0">
              <value>
                <![CDATA[Chrome]]>
              </value>
            </param>
          </params>
          <reporter-output>
          </reporter-output>
        </test-method> <!-- setUP -->
        <test-method status="PASS" signature="loginDDT(java.lang.String, java.lang.String)[pri:0, instance:com.inNetbankingv1.test.TestCase_002@34ce8af7]" name="loginDDT" duration-ms="7379" started-at="2020-02-25T12:30:24Z" data-provider="LoginData" finished-at="2020-02-25T12:30:32Z">
          <params>
            <param index="0">
              <value>
                <![CDATA[bnvhjvnh]]>
              </value>
            </param>
            <param index="1">
              <value>
                <![CDATA[ hjbmbn]]>
              </value>
            </param>
          </params>
          <reporter-output>
          </reporter-output>
        </test-method> <!-- loginDDT -->
        <test-method status="PASS" signature="tearDown()[pri:0, instance:com.inNetbankingv1.test.TestCase_002@34ce8af7]" name="tearDown" is-config="true" duration-ms="100" started-at="2020-02-25T12:30:32Z" finished-at="2020-02-25T12:30:32Z">
          <reporter-output>
          </reporter-output>
        </test-method> <!-- tearDown -->
        <test-method status="PASS" signature="setUP(java.lang.String)[pri:0, instance:com.inNetbankingv1.test.TestCase_002@34ce8af7]" name="setUP" is-config="true" duration-ms="6038" started-at="2020-02-25T12:30:32Z" finished-at="2020-02-25T12:30:38Z">
          <params>
            <param index="0">
              <value>
                <![CDATA[Chrome]]>
              </value>
            </param>
          </params>
          <reporter-output>
          </reporter-output>
        </test-method> <!-- setUP -->
        <test-method status="FAIL" signature="loginDDT(java.lang.String, java.lang.String)[pri:0, instance:com.inNetbankingv1.test.TestCase_002@34ce8af7]" name="loginDDT" duration-ms="21" started-at="2020-02-25T12:30:38Z" data-provider="LoginData" finished-at="2020-02-25T12:30:38Z">
          <params>
            <param index="0">
              <value is-null="true"/>
            </param>
            <param index="1">
              <value is-null="true"/>
            </param>
          </params>
          <exception class="java.lang.IllegalArgumentException">
            <message>
              <![CDATA[Keys to send should be a not null CharSequence]]>
            </message>
            <full-stacktrace>
              <![CDATA[java.lang.IllegalArgumentException: Keys to send should be a not null CharSequence
	at org.openqa.selenium.remote.RemoteWebElement.sendKeys(RemoteWebElement.java:97)
	at sun.reflect.NativeMethodAccessorImpl.invoke0(Native Method)
	at sun.reflect.NativeMethodAccessorImpl.invoke(NativeMethodAccessorImpl.java:62)
	at sun.reflect.DelegatingMethodAccessorImpl.invoke(DelegatingMethodAccessorImpl.java:43)
	at java.lang.reflect.Method.invoke(Method.java:498)
	at org.openqa.selenium.support.pagefactory.internal.LocatingElementHandler.invoke(LocatingElementHandler.java:51)
	at com.sun.proxy.$Proxy10.sendKeys(Unknown Source)
	at com.iNetBankingv1.pageobjects.LoginPage.setUserName(LoginPage.java:34)
	at com.inNetbankingv1.test.TestCase_002.loginDDT(TestCase_002.java:17)
	at sun.reflect.NativeMethodAccessorImpl.invoke0(Native Method)
	at sun.reflect.NativeMethodAccessorImpl.invoke(NativeMethodAccessorImpl.java:62)
	at sun.reflect.DelegatingMethodAccessorImpl.invoke(DelegatingMethodAccessorImpl.java:43)
	at java.lang.reflect.Method.invoke(Method.java:498)
	at org.testng.internal.MethodInvocationHelper.invokeMethod(MethodInvocationHelper.java:86)
	at org.testng.internal.Invoker.invokeMethod(Invoker.java:645)
	at org.testng.internal.Invoker.invokeTestMethod(Invoker.java:822)
	at org.testng.internal.Invoker.invokeTestMethods(Invoker.java:1130)
	at org.testng.internal.TestMethodWorker.invokeTestMethods(TestMethodWorker.java:129)
	at org.testng.internal.TestMethodWorker.run(TestMethodWorker.java:112)
	at org.testng.TestRunner.privateRun(TestRunner.java:782)
	at org.testng.TestRunner.run(TestRunner.java:632)
	at org.testng.SuiteRunner.runTest(SuiteRunner.java:366)
	at org.testng.SuiteRunner.runSequentially(SuiteRunner.java:361)
	at org.testng.SuiteRunner.privateRun(SuiteRunner.java:319)
	at org.testng.SuiteRunner.run(SuiteRunner.java:268)
	at org.testng.SuiteRunnerWorker.runSuite(SuiteRunnerWorker.java:52)
	at org.testng.SuiteRunnerWorker.run(SuiteRunnerWorker.java:86)
	at org.testng.TestNG.runSuitesSequentially(TestNG.java:1244)
	at org.testng.TestNG.runSuitesLocally(TestNG.java:1169)
	at org.testng.TestNG.run(TestNG.java:1064)
	at org.testng.remote.RemoteTestNG.run(RemoteTestNG.java:113)
	at org.testng.remote.RemoteTestNG.initAndRun(RemoteTestNG.java:206)
	at org.testng.remote.RemoteTestNG.main(RemoteTestNG.java:177)
]]>
            </full-stacktrace>
          </exception> <!-- java.lang.IllegalArgumentException -->
          <reporter-output>
          </reporter-output>
        </test-method> <!-- loginDDT -->
        <test-method status="PASS" signature="tearDown()[pri:0, instance:com.inNetbankingv1.test.TestCase_002@34ce8af7]" name="tearDown" is-config="true" duration-ms="2389" started-at="2020-02-25T12:30:38Z" finished-at="2020-02-25T12:30:40Z">
          <reporter-output>
          </reporter-output>
        </test-method> <!-- tearDown -->
      </class> <!-- com.inNetbankingv1.test.TestCase_002 -->
    </test> <!-- Inetbanking -->
  </suite> <!-- iNetbank -->
</testng-results>
